[NotebookApp | WARNING] No nbgrader_config.py file found (rerun with --debug to see where nbgrader is looking)
[NotebookApp | INFO] Loading the validate_assignment nbgrader serverextension
[NotebookApp | INFO] Serving notebooks from local directory: /Users/allat/Documents/github/PyMasters
[NotebookApp | INFO] 0 active kernels
[NotebookApp | INFO] The Jupyter Notebook is running at:
[NotebookApp | INFO] http://localhost:8888/?token=39e13180346a59b7562d0b54e53a7bb0cbf64b4928fc2d9d
[NotebookApp | INFO] Use Control-C to stop this server and shut down all kernels (twice to skip confirmation).
[NotebookApp | CRITICAL] 
    
    Copy/paste this URL into your browser when you connect for the first time,
    to login with a token:
        http://localhost:8888/?token=39e13180346a59b7562d0b54e53a7bb0cbf64b4928fc2d9d&token=39e13180346a59b7562d0b54e53a7bb0cbf64b4928fc2d9d
[NotebookApp | INFO] Accepting one-time-token-authenticated connection from ::1
[NotebookApp | WARNING] Notebook seminars/problems1.ipynb is not trusted
[NotebookApp | INFO] Kernel started: 341832f2-81ae-408f-8cec-b2d4d0c6a657
[NotebookApp | INFO] Adapting to protocol v5.1 for kernel 341832f2-81ae-408f-8cec-b2d4d0c6a657
[NotebookApp | INFO] Saving file at /seminars/problems1.ipynb
[NotebookApp | INFO] Starting buffering for 341832f2-81ae-408f-8cec-b2d4d0c6a657:9433bfca256540ee819891154fe30eda
[NotebookApp | INFO] Kernel started: a90de4ed-ddb0-4460-8f8a-a18f55a2274b
[NotebookApp | INFO] Adapting to protocol v5.1 for kernel a90de4ed-ddb0-4460-8f8a-a18f55a2274b
[NotebookApp | INFO] Saving file at /seminars/problems2.ipynb
[NotebookApp | INFO] Saving file at /seminars/problems2.ipynb
[NotebookApp | INFO] Starting buffering for a90de4ed-ddb0-4460-8f8a-a18f55a2274b:7ff109aa76dc4dd398d944ac02bd7fac
[NotebookApp | INFO] Kernel started: 1abd1459-6c77-4ab5-a4c1-092deea3d5b9
[NotebookApp | INFO] Adapting to protocol v5.1 for kernel 1abd1459-6c77-4ab5-a4c1-092deea3d5b9
[NotebookApp | INFO] Saving file at /seminars/problems3.ipynb
[NotebookApp | INFO] Starting buffering for 1abd1459-6c77-4ab5-a4c1-092deea3d5b9:145110c76a274d6382561d8cda113de5
